gradleBuild/outputs/logs/manifest-merger-debug-report.txt
-- Merging decision tree log ---
manifest
ADDED from hackwit/venetiae/AndroidManifest.xml:18:1-74:12
INJECTED from hackwit/venetiae/AndroidManifest.xml:18:1-74:12
MERGED from [org.tensorflow:tensorflow-android:1.4.0] AndroidManifest.xml:2:1-8:12
INJECTED from hackwit/venetiae/AndroidManifest.xml:18:1-74:12
	package
		ADDED from hackwit/venetiae/AndroidManifest.xml:19:5-34
		INJECTED from hackwit/venetiae/AndroidManifest.xml
		INJECTED from hackwit/venetiae/AndroidManifest.xml
	xmlns:android
		ADDED from hackwit/venetiae/AndroidManifest.xml:18:11-69
uses-permission#android.permission.CAMERA
ADDED from hackwit/venetiae/AndroidManifest.xml:21:5-65
	android:name
		ADDED from hackwit/venetiae/AndroidManifest.xml:21:22-62
uses-feature#android.hardware.camera
ADDED from hackwit/venetiae/AndroidManifest.xml:22:5-60
	android:name
		ADDED from hackwit/venetiae/AndroidManifest.xml:22:19-57
uses-feature#android.hardware.camera.autofocus
ADDED from hackwit/venetiae/AndroidManifest.xml:23:5-70
	android:name
		ADDED from hackwit/venetiae/AndroidManifest.xml:23:19-67
uses-permission#android.permission.WRITE_EXTERNAL_STORAGE
ADDED from hackwit/venetiae/AndroidManifest.xml:24:5-80
	android:name
		ADDED from hackwit/venetiae/AndroidManifest.xml:24:22-78
uses-permission#android.permission.RECORD_AUDIO
ADDED from hackwit/venetiae/AndroidManifest.xml:25:5-71
	android:name
		ADDED from hackwit/venetiae/AndroidManifest.xml:25:22-68
uses-sdk
ADDED from hackwit/venetiae/AndroidManifest.xml:27:5-29:41
INJECTED from hackwit/venetiae/AndroidManifest.xml:27:5-29:41
INJECTED from hackwit/venetiae/AndroidManifest.xml:27:5-29:41
INJECTED from hackwit/venetiae/AndroidManifest.xml:27:5-29:41
INJECTED from hackwit/venetiae/AndroidManifest.xml:27:5-29:41
	android:targetSdkVersion
		ADDED from hackwit/venetiae/AndroidManifest.xml:29:9-38
		INJECTED from hackwit/venetiae/AndroidManifest.xml
		INJECTED from hackwit/venetiae/AndroidManifest.xml
	android:minSdkVersion
		ADDED from hackwit/venetiae/AndroidManifest.xml:28:9-35
		INJECTED from hackwit/venetiae/AndroidManifest.xml
		INJECTED from hackwit/venetiae/AndroidManifest.xml
application
ADDED from hackwit/venetiae/AndroidManifest.xml:31:5-72:19
MERGED from [org.tensorflow:tensorflow-android:1.4.0] AndroidManifest.xml:5:5-6:19
MERGED from [org.tensorflow:tensorflow-android:1.4.0] AndroidManifest.xml:5:5-6:19
	android:label
		ADDED from hackwit/venetiae/AndroidManifest.xml:33:9-41
	android:debuggable
		ADDED from hackwit/venetiae/AndroidManifest.xml:32:9-34
	android:icon
		ADDED from hackwit/venetiae/AndroidManifest.xml:34:9-45
	android:allowBackup
		ADDED from hackwit/venetiae/AndroidManifest.xml:31:18-44
	android:theme
		ADDED from hackwit/venetiae/AndroidManifest.xml:35:9-45
activity#org.tensorflow.demo.ClassifierActivity
ADDED from hackwit/venetiae/AndroidManifest.xml:37:9-44:20
	android:screenOrientation
		ADDED from hackwit/venetiae/AndroidManifest.xml:38:19-55
	android:label
		ADDED from hackwit/venetiae/AndroidManifest.xml:39:19-71
	android:name
		ADDED from hackwit/venetiae/AndroidManifest.xml:37:19-72
intent-filter#android.intent.action.MAIN+android.intent.category.LAUNCHER
ADDED from hackwit/venetiae/AndroidManifest.xml:40:13-43:29
action#android.intent.action.MAIN
ADDED from hackwit/venetiae/AndroidManifest.xml:41:17-69
	android:name
		ADDED from hackwit/venetiae/AndroidManifest.xml:41:25-66
category#android.intent.category.LAUNCHER
ADDED from hackwit/venetiae/AndroidManifest.xml:42:17-77
	android:name
		ADDED from hackwit/venetiae/AndroidManifest.xml:42:27-74
activity#org.tensorflow.demo.DetectorActivity
ADDED from hackwit/venetiae/AndroidManifest.xml:46:9-53:20
	android:screenOrientation
		ADDED from hackwit/venetiae/AndroidManifest.xml:47:19-55
	android:label
		ADDED from hackwit/venetiae/AndroidManifest.xml:48:19-66
	android:name
		ADDED from hackwit/venetiae/AndroidManifest.xml:46:19-70
activity#org.tensorflow.demo.StylizeActivity
ADDED from hackwit/venetiae/AndroidManifest.xml:55:9-62:20
	android:screenOrientation
		ADDED from hackwit/venetiae/AndroidManifest.xml:56:19-55
	android:label
		ADDED from hackwit/venetiae/AndroidManifest.xml:57:19-64
	android:name
		ADDED from hackwit/venetiae/AndroidManifest.xml:55:19-69
activity#org.tensorflow.demo.SpeechActivity
ADDED from hackwit/venetiae/AndroidManifest.xml:64:9-71:20
	android:screenOrientation
		ADDED from hackwit/venetiae/AndroidManifest.xml:65:13-49
	android:label
		ADDED from hackwit/venetiae/AndroidManifest.xml:66:13-57
	android:name
		ADDED from hackwit/venetiae/AndroidManifest.xml:64:19-68
uses-permission#android.permission.READ_PHONE_STATE
IMPLIED from hackwit/venetiae/AndroidManifest.xml:18:1-74:12 reason: tensorflow.contrib.android has a targetSdkVersion < 4
uses-permission#android.permission.READ_EXTERNAL_STORAGE
IMPLIED from hackwit/venetiae/AndroidManifest.xml:18:1-74:12 reason: tensorflow.contrib.android requested WRITE_EXTERNAL_STORAGE